
 NX   Running target start for project @org/tenant-app-1 and 4 tasks it depends on:



> nx run @org/theme:build  [existing outputs match the cache, left as is]


> nx run @org/supabase:build  [existing outputs match the cache, left as is]


> nx run @org/ui:build  [existing outputs match the cache, left as is]


> nx run @org/tenant-app-1:build  [existing outputs match the cache, left as is]

> next build

[baseline-browser-mapping] The data in this module is over two months old.  To ensure accurate Baseline data, please update: `npm i baseline-browser-mapping@latest -D`
   [1m[38;2;173;127;168m▲ Next.js 16.0.11[39m[22m (Turbopack)
   - Environments: .env.local

 [33m[1m⚠[22m[39m The "middleware" file convention is deprecated. Please use "proxy" instead. Learn more: https://nextjs.org/docs/messages/middleware-to-proxy
 [37m[1m [22m[39m Creating an optimized production build ...
[baseline-browser-mapping] The data in this module is over two months old.  To ensure accurate Baseline data, please update: `npm i baseline-browser-mapping@latest -D`
 [32m[1m✓[22m[39m Compiled successfully in 5.1s
 [37m[1m [22m[39m Running TypeScript ...
 [33m[1m⚠[22m[39m TypeScript project references are not fully supported. Attempting to build in incremental mode.
 [37m[1m [22m[39m Collecting page data using 3 workers ...
[baseline-browser-mapping] The data in this module is over two months old.  To ensure accurate Baseline data, please update: `npm i baseline-browser-mapping@latest -D`
[baseline-browser-mapping] The data in this module is over two months old.  To ensure accurate Baseline data, please update: `npm i baseline-browser-mapping@latest -D`
[baseline-browser-mapping] The data in this module is over two months old.  To ensure accurate Baseline data, please update: `npm i baseline-browser-mapping@latest -D`
 [37m[1m [22m[39m Generating static pages using 3 workers (0/15) ...
[baseline-browser-mapping] The data in this module is over two months old.  To ensure accurate Baseline data, please update: `npm i baseline-browser-mapping@latest -D`
 [37m[1m [22m[39m Generating static pages using 3 workers (3/15)
 [37m[1m [22m[39m Generating static pages using 3 workers (7/15)
 [37m[1m [22m[39m Generating static pages using 3 workers (11/15)
 [32m[1m✓[22m[39m Generating static pages using 3 workers (15/15) in 944.8ms
 [37m[1m [22m[39m Finalizing page optimization ...

[4mRoute (app)[24m
┌ ƒ /
├ ○ /_not-found
├ ○ /admin
├ ○ /admin/plans
├ ○ /admin/products
├ ○ /admin/settings
├ ○ /admin/users
├ ƒ /api/hello
├ ○ /login
├ ○ /register
├ ○ /user
├ ○ /user/marketplace
├ ○ /user/plans
└ ○ /user/purchases


ƒ Proxy (Middleware)

○  (Static)   prerendered as static content
ƒ  (Dynamic)  server-rendered on demand

Waiting for @org/tenant-app-1:start in another nx process
